<?xml version="1.0" encoding="UTF-8"?>
<!-- Generated by org.testng.reporters.JUnitReportReporter -->
<testsuite hostname="SL01PC5" name="br.com.testes.TestNGDataDriven" tests="7" failures="0" timestamp="27 Jun 2017 19:54:40 GMT" time="63.164" errors="0">
  <testcase name="testDaraDrivenExcel" time="7.515" classname="br.com.testes.TestNGDataDriven"/>
  <testcase name="testDaraDrivenExcel" time="7.165" classname="br.com.testes.TestNGDataDriven"/>
  <testcase name="testDaraDrivenExcel" time="8.775" classname="br.com.testes.TestNGDataDriven"/>
  <testcase name="testDaraDrivenExcel" time="8.499" classname="br.com.testes.TestNGDataDriven"/>
  <testcase name="testDaraDrivenExcel" time="9.759" classname="br.com.testes.TestNGDataDriven"/>
  <testcase name="testDaraDrivenExcel" time="10.624" classname="br.com.testes.TestNGDataDriven"/>
  <testcase name="testDaraDrivenExcel" time="10.827" classname="br.com.testes.TestNGDataDriven"/>
</testsuite> <!-- br.com.testes.TestNGDataDriven -->
