<?xml version="1.0" encoding="UTF-8"?>
<!-- Generated by org.testng.reporters.JUnitReportReporter -->
<testsuite skipped="0" hostname="SL01PC5" name="br.com.test.LoginTest" tests="1" failures="0" timestamp="28 jun 2017 14:07:53 GMT" time="12.101" errors="0">
  <testcase name="testeRealizaLoginComSucesso" time="12.101" classname="br.com.test.LoginTest"/>
</testsuite> <!-- br.com.test.LoginTest -->
